<?xml version="1.0" encoding="UTF-8"?>
<!-- Generated by org.testng.reporters.JUnitReportReporter -->
<testsuite skipped="1" hostname="DESKTOP-R68JO9E" name="test.ActitimeCreateProject" tests="1" failures="0" timestamp="06 Jul 2018 04:06:07 GMT" time="0.000" errors="0">
  <testcase name="c" time="0.000" classname="test.ActitimeCreateProject">
    <skipped/>
  </testcase> <!-- c -->
</testsuite> <!-- test.ActitimeCreateProject -->
