<?xml version="1.0" encoding="UTF-8"?>
<!-- Generated by org.testng.reporters.JUnitReportReporter -->
<testsuite skipped="0" hostname="DESKTOP-R68JO9E" name="test.Facebook" tests="1" failures="0" timestamp="08 May 2018 15:11:34 GMT" time="32.140" errors="0">
  <testcase name="b" time="32.140" classname="test.Facebook"/>
</testsuite> <!-- test.Facebook -->
