<?xml version="1.0" encoding="UTF-8"?>
<!-- Generated by org.testng.reporters.JUnitReportReporter -->
<testsuite skipped="0" hostname="DESKTOP-R68JO9E" name="test.ExcelFileRead" tests="1" failures="0" timestamp="10 May 2018 20:19:18 GMT" time="2.265" errors="0">
  <testcase name="m" time="2.265" classname="test.ExcelFileRead"/>
</testsuite> <!-- test.ExcelFileRead -->
