<?xml version="1.0" encoding="UTF-8"?>
<!-- Generated by org.testng.reporters.JUnitReportReporter -->
<testsuite skipped="0" hostname="DESKTOP-R68JO9E" name="test.InvocationCount" tests="9" failures="0" timestamp="05 Jul 2018 16:46:39 GMT" time="0.138" errors="0">
  <testcase name="m" time="0.017" classname="test.InvocationCount"/>
  <testcase name="m" time="0.040" classname="test.InvocationCount"/>
  <testcase name="v" time="0.014" classname="test.InvocationCount"/>
  <testcase name="v" time="0.014" classname="test.InvocationCount"/>
  <testcase name="v" time="0.010" classname="test.InvocationCount"/>
  <testcase name="v" time="0.010" classname="test.InvocationCount"/>
  <testcase name="a" time="0.015" classname="test.InvocationCount"/>
  <testcase name="a" time="0.011" classname="test.InvocationCount"/>
  <testcase name="a" time="0.007" classname="test.InvocationCount"/>
</testsuite> <!-- test.InvocationCount -->
