<?xml version="1.0" encoding="UTF-8"?>
<!-- Generated by org.testng.reporters.JUnitReportReporter -->
<testsuite skipped="0" hostname="DESKTOP-R68JO9E" name="test.DependsOnMethods" tests="4" failures="0" timestamp="08 May 2018 14:30:53 GMT" time="0.102" errors="0">
  <testcase name="f" time="0.008" classname="test.DependsOnMethods"/>
  <testcase name="v" time="0.020" classname="test.DependsOnMethods"/>
  <testcase name="b" time="0.022" classname="test.DependsOnMethods"/>
  <testcase name="c" time="0.052" classname="test.DependsOnMethods"/>
</testsuite> <!-- test.DependsOnMethods -->
