<?xml version="1.0" encoding="UTF-8"?>
<!-- Generated by org.testng.reporters.JUnitReportReporter -->
<testsuite skipped="0" hostname="DESKTOP-R68JO9E" name="test.ActitimeLogin" tests="1" failures="0" timestamp="13 Jul 2018 06:52:29 GMT" time="34.003" errors="0">
  <testcase name="login" time="34.003" classname="test.ActitimeLogin"/>
</testsuite> <!-- test.ActitimeLogin -->
