<?xml version="1.0" encoding="UTF-8"?>
<!-- Generated by org.testng.reporters.JUnitReportReporter -->
<testsuite skipped="0" hostname="DESKTOP-R68JO9E" name="test.Yatra" tests="1" failures="0" timestamp="07 May 2018 15:41:16 GMT" time="203.983" errors="0">
  <testcase name="m" time="203.983" classname="test.Yatra"/>
</testsuite> <!-- test.Yatra -->
