<?xml version="1.0" encoding="UTF-8"?>
<!-- Generated by org.testng.reporters.JUnitReportReporter -->
<testsuite skipped="0" hostname="DESKTOP-R68JO9E" name="test.ChildWindow" tests="1" failures="0" timestamp="13 May 2018 06:48:08 GMT" time="34.249" errors="0">
  <testcase name="n" time="34.249" classname="test.ChildWindow"/>
</testsuite> <!-- test.ChildWindow -->
