<?xml version="1.0" encoding="UTF-8"?>
<!-- Generated by org.testng.reporters.JUnitReportReporter -->
<testsuite skipped="0" hostname="DESKTOP-R68JO9E" name="test.Priority" tests="3" failures="0" timestamp="05 Jul 2018 16:46:29 GMT" time="0.049" errors="0">
  <testcase name="m" time="0.038" classname="test.Priority"/>
  <testcase name="v" time="0.008" classname="test.Priority"/>
  <testcase name="a" time="0.003" classname="test.Priority"/>
</testsuite> <!-- test.Priority -->
