<?xml version="1.0" encoding="UTF-8"?>
<!-- Generated by org.testng.reporters.JUnitReportReporter -->
<testsuite skipped="0" hostname="DESKTOP-R68JO9E" name="test.InvocationCount" tests="9" failures="0" timestamp="07 May 2018 15:41:16 GMT" time="0.067" errors="0">
  <testcase name="m" time="0.007" classname="test.InvocationCount"/>
  <testcase name="m" time="0.010" classname="test.InvocationCount"/>
  <testcase name="v" time="0.006" classname="test.InvocationCount"/>
  <testcase name="v" time="0.010" classname="test.InvocationCount"/>
  <testcase name="v" time="0.006" classname="test.InvocationCount"/>
  <testcase name="v" time="0.018" classname="test.InvocationCount"/>
  <testcase name="a" time="0.003" classname="test.InvocationCount"/>
  <testcase name="a" time="0.002" classname="test.InvocationCount"/>
  <testcase name="a" time="0.005" classname="test.InvocationCount"/>
</testsuite> <!-- test.InvocationCount -->
