<?xml version="1.0" encoding="UTF-8"?>
<!-- Generated by org.testng.reporters.JUnitReportReporter -->
<testsuite skipped="0" hostname="DESKTOP-R68JO9E" name="test.AssertEquals" tests="1" failures="0" timestamp="09 May 2018 09:13:19 GMT" time="26.758" errors="0">
  <testcase name="m" time="26.758" classname="test.AssertEquals"/>
</testsuite> <!-- test.AssertEquals -->
