<?xml version="1.0" encoding="UTF-8"?>
<!-- Generated by org.testng.reporters.JUnitReportReporter -->
<testsuite skipped="0" hostname="DESKTOP-R68JO9E" name="test.ActitimeCreateCustomer" tests="1" failures="0" timestamp="10 May 2018 17:39:44 GMT" time="47.779" errors="0">
  <testcase name="c" time="47.779" classname="test.ActitimeCreateCustomer"/>
</testsuite> <!-- test.ActitimeCreateCustomer -->
