<?xml version="1.0" encoding="UTF-8"?>
<!-- Generated by org.testng.reporters.JUnitReportReporter -->
<testsuite skipped="0" hostname="DESKTOP-R68JO9E" name="test.Autosuggestion" tests="1" failures="0" timestamp="06 Jul 2018 04:06:07 GMT" time="32.628" errors="0">
  <testcase name="m" time="32.628" classname="test.Autosuggestion"/>
</testsuite> <!-- test.Autosuggestion -->
