<?xml version="1.0" encoding="UTF-8"?>
<!-- Generated by org.testng.reporters.JUnitReportReporter -->
<testsuite skipped="0" hostname="DESKTOP-R68JO9E" name="test.Naukri" tests="1" failures="0" timestamp="07 May 2018 15:41:15 GMT" time="148.762" errors="0">
  <testcase name="s" time="148.762" classname="test.Naukri"/>
</testsuite> <!-- test.Naukri -->
