<?xml version="1.0" encoding="UTF-8"?>
<!-- Generated by org.testng.reporters.JUnitReportReporter -->
<testsuite skipped="0" hostname="DESKTOP-R68JO9E" name="test.Priority" tests="3" failures="0" timestamp="07 May 2018 15:41:16 GMT" time="0.048" errors="0">
  <testcase name="m" time="0.004" classname="test.Priority"/>
  <testcase name="v" time="0.040" classname="test.Priority"/>
  <testcase name="a" time="0.004" classname="test.Priority"/>
</testsuite> <!-- test.Priority -->
