<?xml version="1.0" encoding="UTF-8"?>
<!-- Generated by org.testng.reporters.JUnitReportReporter -->
<testsuite skipped="0" hostname="DESKTOP-R68JO9E" name="test.Flipkart" tests="1" failures="0" timestamp="07 May 2018 15:41:16 GMT" time="403.672" errors="0">
  <testcase name="g" time="403.672" classname="test.Flipkart"/>
</testsuite> <!-- test.Flipkart -->
