<?xml version="1.0" encoding="UTF-8"?>
<!-- Generated by org.testng.reporters.JUnitReportReporter -->
<testsuite skipped="0" hostname="DESKTOP-R68JO9E" name="test.ChildWindow" tests="1" failures="0" timestamp="06 Jul 2018 04:06:07 GMT" time="37.747" errors="0">
  <testcase name="n" time="37.747" classname="test.ChildWindow"/>
</testsuite> <!-- test.ChildWindow -->
