<?xml version="1.0" encoding="UTF-8"?>
<!-- Generated by org.testng.reporters.JUnitReportReporter -->
<testsuite skipped="0" hostname="DESKTOP-R68JO9E" name="test.Facebook1" tests="1" failures="0" timestamp="06 Jul 2018 04:06:07 GMT" time="74.382" errors="0">
  <testcase name="f" time="74.382" classname="test.Facebook1"/>
</testsuite> <!-- test.Facebook1 -->
