<?xml version="1.0" encoding="UTF-8"?>
<!-- Generated by org.testng.reporters.JUnitReportReporter -->
<testsuite skipped="0" hostname="DESKTOP-R68JO9E" name="test.ActitimeLoginOut" tests="1" failures="0" timestamp="11 May 2018 10:15:10 GMT" time="33.349" errors="0">
  <testcase name="c" time="33.349" classname="test.ActitimeLoginOut"/>
</testsuite> <!-- test.ActitimeLoginOut -->
