<?xml version="1.0" encoding="UTF-8"?>
<!-- Generated by org.testng.reporters.JUnitReportReporter -->
<testsuite skipped="0" hostname="DESKTOP-R68JO9E" name="test.Practice" tests="3" failures="0" timestamp="05 Jul 2018 17:02:01 GMT" time="37.607" errors="0">
  <testcase name="a" time="0.037" classname="test.Practice"/>
  <testcase name="f" time="17.204" classname="test.Practice"/>
  <testcase name="f" time="20.366" classname="test.Practice"/>
</testsuite> <!-- test.Practice -->
