<?xml version="1.0" encoding="UTF-8"?>
<!-- Generated by org.testng.reporters.JUnitReportReporter -->
<testsuite skipped="0" hostname="DESKTOP-R68JO9E" name="test.ActitimeTypeOfWork" tests="1" failures="0" timestamp="10 May 2018 19:46:24 GMT" time="51.664" errors="0">
  <testcase name="c" time="51.664" classname="test.ActitimeTypeOfWork"/>
</testsuite> <!-- test.ActitimeTypeOfWork -->
