<?xml version="1.0" encoding="UTF-8"?>
<!-- Generated by org.testng.reporters.JUnitReportReporter -->
<testsuite skipped="0" hostname="DESKTOP-R68JO9E" name="test.Naukri" tests="1" failures="0" timestamp="06 Jul 2018 04:06:07 GMT" time="48.750" errors="0">
  <testcase name="s" time="48.750" classname="test.Naukri"/>
</testsuite> <!-- test.Naukri -->
