<?xml version="1.0" encoding="UTF-8"?>
<!-- Generated by org.testng.reporters.JUnitReportReporter -->
<testsuite skipped="0" hostname="DESKTOP-R68JO9E" name="test.Autosuggestion" tests="1" failures="0" timestamp="07 May 2018 15:41:16 GMT" time="90.064" errors="0">
  <testcase name="m" time="90.064" classname="test.Autosuggestion"/>
</testsuite> <!-- test.Autosuggestion -->
